This file contains any messages produced by compilers while
running configure, to aid debugging if configure makes a mistake.

It was created by configure, which was
generated by GNU Autoconf 2.65.  Invocation command line was

  $ ./configure 

## --------- ##
## Platform. ##
## --------- ##

hostname = dnixm-compiler6
uname -m = x86_64
uname -r = 3.13.0-32-generic
uname -s = Linux
uname -v = #57-Ubuntu SMP Tue Jul 15 03:51:08 UTC 2014

/usr/bin/uname -p = unknown
/bin/uname -X     = unknown

/bin/arch              = unknown
/usr/bin/arch -k       = unknown
/usr/convex/getsysinfo = unknown
/usr/bin/hostinfo      = unknown
/bin/machine           = unknown
/usr/bin/oslevel       = unknown
/bin/universe          = unknown

PATH: /usr/local/sbin
PATH: /usr/local/bin
PATH: /usr/sbin
PATH: /usr/bin
PATH: /sbin
PATH: /bin
PATH: /usr/games
PATH: /usr/local/games
PATH: /usr/lib/git-core


## ----------- ##
## Core tests. ##
## ----------- ##

configure:1674: checking for xsltproc
configure:1704: result: no
configure:1725: checking for rm
configure:1741: found /bin/rm
configure:1752: result: rm
configure:1776: checking for inkscape
configure:1806: result: no
configure:1827: checking for inkscape
configure:1857: result: no
configure:1878: checking for inkscape
configure:1908: result: no
configure:1929: checking for inkscape
configure:1959: result: no
configure:1980: checking for inkscape
configure:2010: result: no
configure:2031: checking for inkscape
configure:2061: result: no
configure:2082: checking for inkscape
configure:2112: result: no
configure:2134: checking for pngtopnm
configure:2164: result: no
configure:2185: checking for pnmtops
configure:2215: result: no
configure:2236: checking for dblatex
configure:2266: result: no
configure:2287: checking for plucker-build
configure:2317: result: no
configure:2338: checking for html2text
configure:2368: result: no
configure:2389: checking for perl
configure:2405: found /usr/bin/perl
configure:2416: result: perl
configure:2440: checking for xmllint
configure:2470: result: no
configure:2491: checking for docbook2x-texi
configure:2521: result: no
configure:2542: checking for makeinfo
configure:2572: result: no
configure:2589: result: 
configure:2591: result: Summary:
configure:2593: result: --------------
configure:2606: result: Building the base requirements requires : xsltproc 
configure:2620: result: Building the LaTeX versions requires : inkscape dblatex xsltproc 
configure:2634: result: Building the HTML versions requires : inkscape xsltproc 
configure:2648: result: Building the HTML Help versions requires : inkscape xsltproc 
configure:2662: result: Building the HTML versions of the manpages requires : xsltproc 
configure:2676: result: Building the manpages requires : xsltproc 
configure:2690: result: Building the pearson-compatible XML requires : inkscape xsltproc 
configure:2704: result: Building the plucker versions requires : inkscape plucker-build inkscape xsltproc 
configure:2718: result: Building the validating docbook output requires : xmllint xsltproc 
configure:2732: result: Building the TexInfo versions requires : docbook2x-texi xsltproc 
configure:2746: result: Building the TexInfo Info versions requires : makeinfo xsltproc 
configure:2760: result: Building the list of undocumented options requires : xsltproc 
configure:2774: result: Building the text versions requires : html2text inkscape xsltproc 
configure:2780: error: You won't be able to build any of the docs

## ---------------- ##
## Cache variables. ##
## ---------------- ##

ac_cv_env_build_alias_set=
ac_cv_env_build_alias_value=
ac_cv_env_host_alias_set=
ac_cv_env_host_alias_value=
ac_cv_env_target_alias_set=
ac_cv_env_target_alias_value=
ac_cv_prog_PERL=perl
ac_cv_prog_RM=rm

## ----------------- ##
## Output variables. ##
## ----------------- ##

DB2TEXI=''
DBLATEX=''
DEFS=''
DOC_BUILD_DATE='30-09-2017'
ECHO_C=''
ECHO_N='-n'
ECHO_T=''
HTML2TEXT=''
INKSCAPE=''
LATEX_DOCUMENTCLASS_OPTIONS='letterpaper,11pt,openright,twoside'
LIBOBJS=''
LIBS=''
LTLIBOBJS=''
MAKEINFO=''
PACKAGE_BUGREPORT=''
PACKAGE_NAME=''
PACKAGE_STRING=''
PACKAGE_TARNAME=''
PACKAGE_URL=''
PACKAGE_VERSION=''
PATH_SEPARATOR=':'
PERL='perl'
PLUCKERBUILD=''
PNGTOPNM=''
PNMTOPS=''
RM='rm'
SHELL='/bin/bash'
TARGETS=''
XMLLINT=''
XSLTPROC=''
bindir='${exec_prefix}/bin'
build_alias=''
datadir='${datarootdir}'
datarootdir='${prefix}/share'
docdir='${datarootdir}/doc/${PACKAGE}'
dvidir='${docdir}'
exec_prefix='NONE'
host_alias=''
htmldir='${docdir}'
includedir='${prefix}/include'
infodir='${datarootdir}/info'
libdir='${exec_prefix}/lib'
libexecdir='${exec_prefix}/libexec'
localedir='${datarootdir}/locale'
localstatedir='${prefix}/var'
mandir='${datarootdir}/man'
oldincludedir='/usr/include'
pdfdir='${docdir}'
prefix='NONE'
program_transform_name='s,x,x,'
psdir='${docdir}'
sbindir='${exec_prefix}/sbin'
sharedstatedir='${prefix}/com'
sysconfdir='${prefix}/etc'
target_alias=''

## ----------- ##
## confdefs.h. ##
## ----------- ##

/* confdefs.h */
#define PACKAGE_NAME ""
#define PACKAGE_TARNAME ""
#define PACKAGE_VERSION ""
#define PACKAGE_STRING ""
#define PACKAGE_BUGREPORT ""
#define PACKAGE_URL ""

configure: exit 1
